Admission Pathway :: Universitas Pembangunan Jaya (UPJ) | https://www.upj.ac.id/static-page/190/admission
Anto Pratikno, S.Kom, EPC  :: Universitas Pembangunan Jaya (UPJ) | https://www.upj.ac.id/alumni/17/anto-pratikno-skom-epc-
:: Universitas Pembangunan Jaya (UPJ) | https://www.upj.ac.id/static-page/251/employability
Universitas Pembangunan Jaya :: Universitas Pembangunan Jaya (UPJ) | https://www.upj.ac.id/
Program Studi Desain Komonikasi Visual :: Universitas Pembangunan Jaya (UPJ) | https://dkv.upj.ac.id
Internationalization Activities at Universitas Pembangunan Jaya :: Universitas Pembangunan Jaya (UPJ) | https://www.upj.ac.id/static-page/201/internationalization
:: Universitas Pembangunan Jaya (UPJ) | https://www.upj.ac.id/static-page/239/jaya-career-center
Program Studi Teknik Sipil :: Universitas Pembangunan Jaya (UPJ) | https://tsp.upj.ac.id
Partnership :: Universitas Pembangunan Jaya (UPJ) | https://www.upj.ac.id/static-page/202/partnership
Campus Visit :: Universitas Pembangunan Jaya (UPJ) | https://www.upj.ac.id/static-page/206/explore-us
UPJ Visit to Schools :: Universitas Pembangunan Jaya (UPJ) | https://www.upj.ac.id/static-page/205/explore-us
:: Universitas Pembangunan Jaya (UPJ) | https://www.upj.ac.id/static-page/248/alumni-testimonials
Program :: Universitas Pembangunan Jaya (UPJ) | https://jcal.upj.ac.id/static-page/595/program
Education Consultant :: Universitas Pembangunan Jaya (UPJ) | https://upj.ac.id/static-page/260/education-consultantu
Aptitude Test :: Universitas Pembangunan Jaya (UPJ) | https://www.upj.ac.id/static-page/191/admission
Program Studi Desain Produk Industri :: Universitas Pembangunan Jaya (UPJ) | https://dp.upj.ac.id
Program Studi Komunikasi :: Universitas Pembangunan Jaya (UPJ) | https://kom.upj.ac.id
PPAr :: Universitas Pembangunan Jaya (UPJ) | https://ppar.upj.ac.id/
International Seminar at UPJ Highlights Campus Strategies for the Era of Artificial Intelligence   :: Universitas Pembangunan Jaya (UPJ) | https://www.upj.ac.id/news/986/international-seminar-at-upj-highlights-campus-strategies-for-the-era-of-artificial-intelligence-
:: Universitas Pembangunan Jaya (UPJ) | https://www.upj.ac.id/static-page/243/jaya-career-center
Email Protection | Cloudflare | https://www.upj.ac.id/cdn-cgi/l/email-protection#5930373f36192c293377383a77303d
Jaya Softskill Development Program  :: Universitas Pembangunan Jaya (UPJ) | https://www.upj.ac.id/static-page/46/student-activities
Registration Procedure :: Universitas Pembangunan Jaya (UPJ) | https://www.upj.ac.id/static-page/53/admission
:: Universitas Pembangunan Jaya (UPJ) | https://www.upj.ac.id/static-page/41/about-upj
Universitas Pembangunan Jaya :: Universitas Pembangunan Jaya (UPJ) | https://www.upj.ac.id#upevent2
Hanif Fitria :: Universitas Pembangunan Jaya (UPJ) | https://www.upj.ac.id/alumni/18/hanif-fitria
:: Universitas Pembangunan Jaya (UPJ) | https://www.upj.ac.id/static-page/250/alumni-activity
University Profile :: Universitas Pembangunan Jaya (UPJ) | https://www.upj.ac.id/static-page/213/about-upj
Our Programs :: Universitas Pembangunan Jaya (UPJ) | https://www.upj.ac.id/static-page/186/our-programs
:: Universitas Pembangunan Jaya (UPJ) | https://www.upj.ac.id/static-page/196/about-upj
:: Universitas Pembangunan Jaya (UPJ) | https://www.upj.ac.id/static-page/240/jaya-career-center
Highlights :: Universitas Pembangunan Jaya (UPJ) | https://www.upj.ac.id/highlights
Universitas Pembangunan Jaya Virtual Tour | https://vr.upj.ac.id/
:: Universitas Pembangunan Jaya (UPJ) | https://www.upj.ac.id/static-page/245/jaya-career-center
:: Universitas Pembangunan Jaya (UPJ) | https://www.upj.ac.id/static-page/57/about-upj
Kalender Akademik :: Universitas Pembangunan Jaya (UPJ) | https://www.upj.ac.id/static-page/77/academic-information
Anak Agung Ngurah Krisnanda Putra :: Universitas Pembangunan Jaya (UPJ) | https://www.upj.ac.id/alumni/10/anak-agung-ngurah-krisnanda-putra
:: Universitas Pembangunan Jaya (UPJ) | https://www.upj.ac.id/static-page/247/jaya-career-center
Della Adelia :: Universitas Pembangunan Jaya (UPJ) | https://www.upj.ac.id/alumni/13/della-adelia
Dekalcer  :: Universitas Pembangunan Jaya (UPJ) | https://www.upj.ac.id/events/193/dekalcer-
:: Universitas Pembangunan Jaya (UPJ) | https://www.upj.ac.id/static-page/233/student-activities
Gathering & Talkshow :: Universitas Pembangunan Jaya (UPJ) | https://www.upj.ac.id/static-page/209/explore-us
Events :: Universitas Pembangunan Jaya (UPJ) | https://www.upj.ac.id/events
Program Studi Management :: Universitas Pembangunan Jaya (UPJ) | https://mnj.upj.ac.id
:: Universitas Pembangunan Jaya (UPJ) | https://www.upj.ac.id/static-page/244/jaya-career-center
:: Universitas Pembangunan Jaya (UPJ) | https://www.upj.ac.id/static-page/249/alumni-community
News :: Universitas Pembangunan Jaya (UPJ) | https://www.upj.ac.id/news
Why UPJ :: Universitas Pembangunan Jaya (UPJ) | https://www.upj.ac.id/menu/307/why-upj
Prof. Jian-Bang Deng Becomes Visiting Professor at UPJ, Focusing on Education and Futures Design  :: Universitas Pembangunan Jaya (UPJ) | https://www.upj.ac.id/news/988/prof-jian-bang-deng-becomes-visiting-professor-at-upj-focusing-on-education-and-futures-design-
Program Studi Sistem Informasi :: Universitas Pembangunan Jaya (UPJ) | https://sif.upj.ac.id
MoU Signing :: Universitas Pembangunan Jaya (UPJ) | https://www.upj.ac.id/static-page/208/explore-us
Universitas Pembangunan Jaya :: Universitas Pembangunan Jaya (UPJ) | https://www.upj.ac.id#news1
Salwa Balqis Sulaeman :: Universitas Pembangunan Jaya (UPJ) | https://www.upj.ac.id/alumni/22/salwa-balqis-sulaeman
Gaudensia Catherine :: Universitas Pembangunan Jaya (UPJ) | https://www.upj.ac.id/alumni/12/gaudensia-catherine
Ario Wicaksono  :: Universitas Pembangunan Jaya (UPJ) | https://www.upj.ac.id/alumni/20/ario-wicaksono-
POV UPJ (Podcast on Video)  :: Universitas Pembangunan Jaya (UPJ) | https://www.upj.ac.id/static-page/224/explore-us
Beranda | https://pmb.upj.ac.id/
Universitas Pembangunan Jaya :: Universitas Pembangunan Jaya (UPJ) | https://www.upj.ac.id/id.php
Universitas Pembangunan Jaya | https://p2m.upj.ac.id/pages/97/fokus-penelitian.html
Jesse Widodo :: Universitas Pembangunan Jaya (UPJ) | https://www.upj.ac.id/alumni/19/jesse-widodo
Theatic Student Activity Unit Presents  :: Universitas Pembangunan Jaya (UPJ) | https://www.upj.ac.id/news/984/theatic-student-activity-unit-presents-
Biasukma Putra :: Universitas Pembangunan Jaya (UPJ) | https://www.upj.ac.id/alumni/11/biasukma-putra
:: Universitas Pembangunan Jaya (UPJ) | https://www.upj.ac.id/static-page/4/about-upj
Scholarship :: Universitas Pembangunan Jaya (UPJ) | https://www.upj.ac.id/static-page/55/programs-fees-funding
:: Universitas Pembangunan Jaya (UPJ) | https://www.upj.ac.id/static-page/60/student-activities
Universitas Pembangunan Jaya :: Universitas Pembangunan Jaya (UPJ) | https://www.upj.ac.id#highlight
Academic Organization :: Universitas Pembangunan Jaya (UPJ) | https://www.upj.ac.id/static-page/236/student-activities
Senat  :: Universitas Pembangunan Jaya (UPJ) | https://www.upj.ac.id/static-page/225/about-upj
Bintaro District Design 2024 :: Universitas Pembangunan Jaya (UPJ) | https://www.upj.ac.id/events/192/bintaro-district-design-2024
Program Studi Psikologi :: Universitas Pembangunan Jaya (UPJ) | https://psi.upj.ac.id
Informatika :: Universitas Pembangunan Jaya (UPJ) | https://inf.upj.ac.id
Muhammad Arkan Faruqi :: Universitas Pembangunan Jaya (UPJ) | https://www.upj.ac.id/alumni/9/muhammad-arkan-faruqi
UPJ Impacts the Community :: Universitas Pembangunan Jaya (UPJ) | https://www.upj.ac.id/static-page/230/student-activities
UPJ Affirms Commitment to Creativity Through CoFest 2025: Freedom of Expression, One Work, No Limits :: Universitas Pembangunan Jaya (UPJ) | https://www.upj.ac.id/events/195/upj-affirms-commitment-to-creativity-through-cofest-2025-freedom-of-expression-one-work-no-limits
Universitas Pembangunan Jaya :: Universitas Pembangunan Jaya (UPJ) | https://www.upj.ac.id
Program Studi Arsitektur :: Universitas Pembangunan Jaya (UPJ) | https://ars.upj.ac.id/
UPJ Facts and Figure :: Universitas Pembangunan Jaya (UPJ) | https://www.upj.ac.id/static-page/198/about-upj
Masterplan :: Universitas Pembangunan Jaya (UPJ) | https://www.upj.ac.id/static-page/203/about-upj
:: Universitas Pembangunan Jaya (UPJ) | https://www.upj.ac.id/static-page/246/jaya-career-center
Open Day :: Universitas Pembangunan Jaya (UPJ) | https://www.upj.ac.id/static-page/207/explore-us
Our Study Program | Universitas Pembangunan Jaya | https://www.upj.ac.id/program-study.php
No Title | https://www.upj.ac.id/static-page/0/programs-fees-funding
Jobs :: Universitas Pembangunan Jaya (UPJ) | https://upj.ac.id/career
:: Universitas Pembangunan Jaya (UPJ) | https://www.upj.ac.id/static-page/197/programs-fees-funding
Accounting Study Program :: Universitas Pembangunan Jaya (UPJ) | http://akt.upj.ac.id
From Packaging to Digital, UPJ Visual Communication Design Strengthens the Competitiveness of Tangsel MSMEs to Move Up a Class Through Landing Page and Packaging Design Training  :: Universitas Pembangunan Jaya (UPJ) | https://www.upj.ac.id/news/985/from-packaging-to-digital-upj-visual-communication-design-strengthens-the-competitiveness-of-tangsel-msmes-to-move-up-a-class-through-landing-page-and-packaging-design-training-
:: Universitas Pembangunan Jaya (UPJ) | https://www.upj.ac.id/static-page/238/student-activities
Universitas Pembangunan Jaya :: Universitas Pembangunan Jaya (UPJ) | https://www.upj.ac.id/en.php
JCAL :: Universitas Pembangunan Jaya (UPJ) | https://jcal.upj.ac.id/
404 Not Found | https://www.upj.ac.id/A
Student Activities :: Universitas Pembangunan Jaya (UPJ) | https://www.upj.ac.id/static-page/199/student-activities
Unmask the Brilliance: KOM Awards 2025 to Honor Excellence in Communication :: Universitas Pembangunan Jaya (UPJ) | https://www.upj.ac.id/events/197/unmask-the-brilliance-kom-awards-2025-to-honor-excellence-in-communication
